<?xml version="1.0" encoding="UTF-8"?>
<!-- Generated by org.testng.reporters.JUnitReportReporter -->
<testsuite hostname="DESKTOP-1O2GN22" failures="0" tests="1" name="Path_And_Query_Parameters.testHeaders" time="6.459" errors="0" timestamp="2024-03-02T16:44:50 IST" skipped="0">
  <testcase classname="Path_And_Query_Parameters.testHeaders" name="getHeaders" time="6.459"/>
</testsuite> <!-- Path_And_Query_Parameters.testHeaders -->
