<?xml version="1.0" encoding="UTF-8"?>
<!-- Generated by org.testng.reporters.JUnitReportReporter -->
<testsuite hostname="DESKTOP-1O2GN22" failures="0" tests="2" name="Path_And_Query_Parameters.Headers" time="9.649" errors="0" timestamp="2024-03-02T16:19:20 IST" skipped="0">
  <testcase classname="Path_And_Query_Parameters.Headers" name="testCookies" time="8.801"/>
  <testcase classname="Path_And_Query_Parameters.Headers" name="getHeaders" time="0.848"/>
</testsuite> <!-- Path_And_Query_Parameters.Headers -->
