<?xml version="1.0" encoding="UTF-8"?>
<!-- Generated by org.testng.reporters.JUnitReportReporter -->
<testsuite hostname="DESKTOP-1O2GN22" failures="0" tests="4" name="postman.HTTPRequests" time="29.812" errors="0" timestamp="2024-03-01T21:49:14 IST" skipped="0">
  <testcase classname="postman.HTTPRequests" name="getUsers" time="25.009"/>
  <testcase classname="postman.HTTPRequests" name="CreateUser" time="3.334"/>
  <testcase classname="postman.HTTPRequests" name="UpdateUser" time="0.722"/>
  <testcase classname="postman.HTTPRequests" name="DeleteUser" time="0.747"/>
</testsuite> <!-- postman.HTTPRequests -->
