<?xml version="1.0" encoding="UTF-8"?>
<!-- Generated by org.testng.reporters.JUnitReportReporter -->
<testsuite hostname="DESKTOP-1O2GN22" failures="0" tests="1" name="RestAssure.GetAndPostExample" time="10.901" errors="0" timestamp="2024-03-10T14:44:47 IST" skipped="0">
  <testcase classname="RestAssure.GetAndPostExample" name="testPost" time="10.901"/>
</testsuite> <!-- RestAssure.GetAndPostExample -->
