<?xml version="1.0" encoding="UTF-8"?>
<!-- Generated by org.testng.reporters.JUnitReportReporter -->
<testsuite hostname="DESKTOP-1O2GN22" failures="0" tests="5" name="RestAssure.TestLocalAPI" time="5.271" errors="0" timestamp="2024-03-10T19:55:08 IST" skipped="0">
  <testcase classname="RestAssure.TestLocalAPI" name="get" time="4.870"/>
  <testcase classname="RestAssure.TestLocalAPI" name="post" time="0.204"/>
  <testcase classname="RestAssure.TestLocalAPI" name="put" time="0.069"/>
  <testcase classname="RestAssure.TestLocalAPI" name="patch" time="0.054"/>
  <testcase classname="RestAssure.TestLocalAPI" name="delete" time="0.074"/>
</testsuite> <!-- RestAssure.TestLocalAPI -->
