<?xml version="1.0" encoding="UTF-8"?>
<!-- Generated by org.testng.reporters.JUnitReportReporter -->
<testsuite hostname="DESKTOP-1O2GN22" failures="0" tests="1" name="Path_And_Query_Parameters.Logging" time="15.144" errors="0" timestamp="2024-03-02T17:04:29 IST" skipped="0">
  <testcase classname="Path_And_Query_Parameters.Logging" name="testCookies" time="15.144"/>
</testsuite> <!-- Path_And_Query_Parameters.Logging -->
