<?xml version="1.0" encoding="UTF-8"?>
<!-- Generated by org.testng.reporters.JUnitReportReporter -->
<testsuite hostname="DESKTOP-1O2GN22" failures="0" tests="1" name="Path_And_Query_Parameters.Cookies" time="15.423" errors="0" timestamp="2024-03-02T15:35:14 IST" skipped="0">
  <testcase classname="Path_And_Query_Parameters.Cookies" name="getCookiesInfo" time="15.423"/>
</testsuite> <!-- Path_And_Query_Parameters.Cookies -->
