<?xml version="1.0" encoding="UTF-8"?>
<!-- Generated by org.testng.reporters.JUnitReportReporter -->
<testsuite hostname="DESKTOP-1O2GN22" failures="0" tests="1" name="RestAssure.PutPatchDel" time="12.374" errors="0" timestamp="2024-03-10T16:25:37 IST" skipped="0">
  <testcase classname="RestAssure.PutPatchDel" name="testDelete" time="12.374"/>
</testsuite> <!-- RestAssure.PutPatchDel -->
