<?xml version="1.0" encoding="UTF-8"?>
<!-- Generated by org.testng.reporters.JUnitReportReporter -->
<testsuite hostname="DESKTOP-1O2GN22" failures="0" tests="1" name="RestAssure.SoapXMLRequest" time="9.792" errors="0" timestamp="2024-03-11T10:02:01 IST" skipped="0">
  <testcase classname="RestAssure.SoapXMLRequest" name="validateSoapXML" time="9.792"/>
</testsuite> <!-- RestAssure.SoapXMLRequest -->
