<?xml version="1.0" encoding="UTF-8"?>
<!-- Generated by org.testng.reporters.JUnitReportReporter -->
<testsuite hostname="DESKTOP-1O2GN22" failures="0" tests="1" name="Path_Parameters.PathAndQueryParameters" time="7.215" errors="0" timestamp="2024-03-02T14:07:34 IST" skipped="0">
  <testcase classname="Path_Parameters.PathAndQueryParameters" name="testQueryAndPathParameter" time="7.215"/>
</testsuite> <!-- Path_Parameters.PathAndQueryParameters -->
