<?xml version="1.0" encoding="UTF-8"?>
<!-- Generated by org.testng.reporters.JUnitReportReporter -->
<testsuite hostname="DESKTOP-1O2GN22" failures="0" tests="2" name="RestAssure.RestAssuredTesting" time="13.184" errors="0" timestamp="2024-03-10T10:36:54 IST" skipped="0">
  <testcase classname="RestAssure.RestAssuredTesting" name="test_2" time="3.782"/>
  <testcase classname="RestAssure.RestAssuredTesting" name="test_1" time="9.402"/>
</testsuite> <!-- RestAssure.RestAssuredTesting -->
